2015-09-02 13:44:24,555 [main] INFO  com.opensymphony.xwork2.config.providers.XmlConfigurationProvider(42) - Parsing configuration file [struts-default.xml]
2015-09-02 13:44:24,642 [main] INFO  com.opensymphony.xwork2.config.providers.XmlConfigurationProvider(42) - Parsing configuration file [struts-plugin.xml]
2015-09-02 13:44:24,667 [main] INFO  com.opensymphony.xwork2.config.providers.XmlConfigurationProvider(42) - Parsing configuration file [struts.xml]
2015-09-02 13:44:24,671 [main] INFO  org.apache.struts2.config.AbstractBeanSelectionProvider(42) - Choosing bean (spring) for (com.opensymphony.xwork2.ObjectFactory)
2015-09-02 13:44:24,672 [main] INFO  org.apache.struts2.config.AbstractBeanSelectionProvider(42) - Choosing bean (struts) for (com.opensymphony.xwork2.factory.ActionFactory)
2015-09-02 13:44:24,672 [main] INFO  org.apache.struts2.config.AbstractBeanSelectionProvider(42) - Choosing bean (struts) for (com.opensymphony.xwork2.factory.ResultFactory)
2015-09-02 13:44:24,673 [main] INFO  org.apache.struts2.config.AbstractBeanSelectionProvider(42) - Choosing bean (struts) for (com.opensymphony.xwork2.factory.ConverterFactory)
2015-09-02 13:44:24,673 [main] INFO  org.apache.struts2.config.AbstractBeanSelectionProvider(42) - Choosing bean (struts) for (com.opensymphony.xwork2.factory.InterceptorFactory)
2015-09-02 13:44:24,674 [main] INFO  org.apache.struts2.config.AbstractBeanSelectionProvider(42) - Choosing bean (struts) for (com.opensymphony.xwork2.factory.ValidatorFactory)
2015-09-02 13:44:24,674 [main] INFO  org.apache.struts2.config.AbstractBeanSelectionProvider(42) - Choosing bean (struts) for (com.opensymphony.xwork2.FileManagerFactory)
2015-09-02 13:44:24,675 [main] INFO  org.apache.struts2.config.AbstractBeanSelectionProvider(42) - Choosing bean (struts) for (com.opensymphony.xwork2.conversion.impl.XWorkConverter)
2015-09-02 13:44:24,675 [main] INFO  org.apache.struts2.config.AbstractBeanSelectionProvider(42) - Choosing bean (struts) for (com.opensymphony.xwork2.conversion.impl.CollectionConverter)
2015-09-02 13:44:24,676 [main] INFO  org.apache.struts2.config.AbstractBeanSelectionProvider(42) - Choosing bean (struts) for (com.opensymphony.xwork2.conversion.impl.ArrayConverter)
2015-09-02 13:44:24,677 [main] INFO  org.apache.struts2.config.AbstractBeanSelectionProvider(42) - Choosing bean (struts) for (com.opensymphony.xwork2.conversion.impl.DateConverter)
2015-09-02 13:44:24,677 [main] INFO  org.apache.struts2.config.AbstractBeanSelectionProvider(42) - Choosing bean (struts) for (com.opensymphony.xwork2.conversion.impl.NumberConverter)
2015-09-02 13:44:24,678 [main] INFO  org.apache.struts2.config.AbstractBeanSelectionProvider(42) - Choosing bean (struts) for (com.opensymphony.xwork2.conversion.impl.StringConverter)
2015-09-02 13:44:24,678 [main] INFO  org.apache.struts2.config.AbstractBeanSelectionProvider(42) - Choosing bean (struts) for (com.opensymphony.xwork2.conversion.ConversionPropertiesProcessor)
2015-09-02 13:44:24,679 [main] INFO  org.apache.struts2.config.AbstractBeanSelectionProvider(42) - Choosing bean (struts) for (com.opensymphony.xwork2.conversion.ConversionFileProcessor)
2015-09-02 13:44:24,680 [main] INFO  org.apache.struts2.config.AbstractBeanSelectionProvider(42) - Choosing bean (struts) for (com.opensymphony.xwork2.conversion.ConversionAnnotationProcessor)
2015-09-02 13:44:24,680 [main] INFO  org.apache.struts2.config.AbstractBeanSelectionProvider(42) - Choosing bean (struts) for (com.opensymphony.xwork2.conversion.TypeConverterCreator)
2015-09-02 13:44:24,681 [main] INFO  org.apache.struts2.config.AbstractBeanSelectionProvider(42) - Choosing bean (struts) for (com.opensymphony.xwork2.conversion.TypeConverterHolder)
2015-09-02 13:44:24,681 [main] INFO  org.apache.struts2.config.AbstractBeanSelectionProvider(42) - Choosing bean (struts) for (com.opensymphony.xwork2.TextProvider)
2015-09-02 13:44:24,682 [main] INFO  org.apache.struts2.config.AbstractBeanSelectionProvider(42) - Choosing bean (struts) for (com.opensymphony.xwork2.LocaleProvider)
2015-09-02 13:44:24,682 [main] INFO  org.apache.struts2.config.AbstractBeanSelectionProvider(42) - Choosing bean (struts) for (com.opensymphony.xwork2.ActionProxyFactory)
2015-09-02 13:44:24,683 [main] INFO  org.apache.struts2.config.AbstractBeanSelectionProvider(42) - Choosing bean (struts) for (com.opensymphony.xwork2.conversion.ObjectTypeDeterminer)
2015-09-02 13:44:24,683 [main] INFO  org.apache.struts2.config.AbstractBeanSelectionProvider(42) - Choosing bean (struts) for (org.apache.struts2.dispatcher.mapper.ActionMapper)
2015-09-02 13:44:24,684 [main] INFO  org.apache.struts2.config.AbstractBeanSelectionProvider(42) - Choosing bean (jakarta) for (org.apache.struts2.dispatcher.multipart.MultiPartRequest)
2015-09-02 13:44:24,684 [main] INFO  org.apache.struts2.config.AbstractBeanSelectionProvider(42) - Choosing bean (struts) for (org.apache.struts2.views.freemarker.FreemarkerManager)
2015-09-02 13:44:24,686 [main] INFO  org.apache.struts2.config.AbstractBeanSelectionProvider(42) - Choosing bean (struts) for (org.apache.struts2.components.UrlRenderer)
2015-09-02 13:44:24,687 [main] INFO  org.apache.struts2.config.AbstractBeanSelectionProvider(42) - Choosing bean (struts) for (com.opensymphony.xwork2.validator.ActionValidatorManager)
2015-09-02 13:44:24,687 [main] INFO  org.apache.struts2.config.AbstractBeanSelectionProvider(42) - Choosing bean (struts) for (com.opensymphony.xwork2.util.ValueStackFactory)
2015-09-02 13:44:24,688 [main] INFO  org.apache.struts2.config.AbstractBeanSelectionProvider(42) - Choosing bean (struts) for (com.opensymphony.xwork2.util.reflection.ReflectionProvider)
2015-09-02 13:44:24,689 [main] INFO  org.apache.struts2.config.AbstractBeanSelectionProvider(42) - Choosing bean (struts) for (com.opensymphony.xwork2.util.reflection.ReflectionContextFactory)
2015-09-02 13:44:24,689 [main] INFO  org.apache.struts2.config.AbstractBeanSelectionProvider(42) - Choosing bean (struts) for (com.opensymphony.xwork2.util.PatternMatcher)
2015-09-02 13:44:24,689 [main] INFO  org.apache.struts2.config.AbstractBeanSelectionProvider(42) - Choosing bean (struts) for (org.apache.struts2.dispatcher.StaticContentLoader)
2015-09-02 13:44:24,690 [main] INFO  org.apache.struts2.config.AbstractBeanSelectionProvider(42) - Choosing bean (struts) for (com.opensymphony.xwork2.UnknownHandlerManager)
2015-09-02 13:44:24,690 [main] INFO  org.apache.struts2.config.AbstractBeanSelectionProvider(42) - Choosing bean (struts) for (org.apache.struts2.views.util.UrlHelper)
2015-09-02 13:44:24,690 [main] INFO  org.apache.struts2.config.AbstractBeanSelectionProvider(42) - Choosing bean (struts) for (com.opensymphony.xwork2.util.TextParser)
2015-09-02 13:44:24,707 [main] INFO  org.apache.struts2.spring.StrutsSpringObjectFactory(42) - Initializing Struts-Spring integration...
2015-09-02 13:44:24,708 [main] INFO  com.opensymphony.xwork2.spring.SpringObjectFactory(42) - Setting autowire strategy to name
2015-09-02 13:44:24,708 [main] INFO  org.apache.struts2.spring.StrutsSpringObjectFactory(42) - ... initialized Struts-Spring integration successfully
2015-09-02 13:45:15,538 [main] INFO  com.opensymphony.xwork2.config.providers.XmlConfigurationProvider(42) - Parsing configuration file [struts-default.xml]
2015-09-02 13:45:15,623 [main] INFO  com.opensymphony.xwork2.config.providers.XmlConfigurationProvider(42) - Parsing configuration file [struts-plugin.xml]
2015-09-02 13:45:15,648 [main] INFO  com.opensymphony.xwork2.config.providers.XmlConfigurationProvider(42) - Parsing configuration file [struts.xml]
2015-09-02 13:45:15,651 [main] INFO  org.apache.struts2.config.AbstractBeanSelectionProvider(42) - Choosing bean (spring) for (com.opensymphony.xwork2.ObjectFactory)
2015-09-02 13:45:15,652 [main] INFO  org.apache.struts2.config.AbstractBeanSelectionProvider(42) - Choosing bean (struts) for (com.opensymphony.xwork2.factory.ActionFactory)
2015-09-02 13:45:15,652 [main] INFO  org.apache.struts2.config.AbstractBeanSelectionProvider(42) - Choosing bean (struts) for (com.opensymphony.xwork2.factory.ResultFactory)
2015-09-02 13:45:15,652 [main] INFO  org.apache.struts2.config.AbstractBeanSelectionProvider(42) - Choosing bean (struts) for (com.opensymphony.xwork2.factory.ConverterFactory)
2015-09-02 13:45:15,653 [main] INFO  org.apache.struts2.config.AbstractBeanSelectionProvider(42) - Choosing bean (struts) for (com.opensymphony.xwork2.factory.InterceptorFactory)
2015-09-02 13:45:15,653 [main] INFO  org.apache.struts2.config.AbstractBeanSelectionProvider(42) - Choosing bean (struts) for (com.opensymphony.xwork2.factory.ValidatorFactory)
2015-09-02 13:45:15,654 [main] INFO  org.apache.struts2.config.AbstractBeanSelectionProvider(42) - Choosing bean (struts) for (com.opensymphony.xwork2.FileManagerFactory)
2015-09-02 13:45:15,654 [main] INFO  org.apache.struts2.config.AbstractBeanSelectionProvider(42) - Choosing bean (struts) for (com.opensymphony.xwork2.conversion.impl.XWorkConverter)
2015-09-02 13:45:15,654 [main] INFO  org.apache.struts2.config.AbstractBeanSelectionProvider(42) - Choosing bean (struts) for (com.opensymphony.xwork2.conversion.impl.CollectionConverter)
2015-09-02 13:45:15,655 [main] INFO  org.apache.struts2.config.AbstractBeanSelectionProvider(42) - Choosing bean (struts) for (com.opensymphony.xwork2.conversion.impl.ArrayConverter)
2015-09-02 13:45:15,656 [main] INFO  org.apache.struts2.config.AbstractBeanSelectionProvider(42) - Choosing bean (struts) for (com.opensymphony.xwork2.conversion.impl.DateConverter)
2015-09-02 13:45:15,656 [main] INFO  org.apache.struts2.config.AbstractBeanSelectionProvider(42) - Choosing bean (struts) for (com.opensymphony.xwork2.conversion.impl.NumberConverter)
2015-09-02 13:45:15,656 [main] INFO  org.apache.struts2.config.AbstractBeanSelectionProvider(42) - Choosing bean (struts) for (com.opensymphony.xwork2.conversion.impl.StringConverter)
2015-09-02 13:45:15,657 [main] INFO  org.apache.struts2.config.AbstractBeanSelectionProvider(42) - Choosing bean (struts) for (com.opensymphony.xwork2.conversion.ConversionPropertiesProcessor)
2015-09-02 13:45:15,657 [main] INFO  org.apache.struts2.config.AbstractBeanSelectionProvider(42) - Choosing bean (struts) for (com.opensymphony.xwork2.conversion.ConversionFileProcessor)
2015-09-02 13:45:15,658 [main] INFO  org.apache.struts2.config.AbstractBeanSelectionProvider(42) - Choosing bean (struts) for (com.opensymphony.xwork2.conversion.ConversionAnnotationProcessor)
2015-09-02 13:45:15,658 [main] INFO  org.apache.struts2.config.AbstractBeanSelectionProvider(42) - Choosing bean (struts) for (com.opensymphony.xwork2.conversion.TypeConverterCreator)
2015-09-02 13:45:15,659 [main] INFO  org.apache.struts2.config.AbstractBeanSelectionProvider(42) - Choosing bean (struts) for (com.opensymphony.xwork2.conversion.TypeConverterHolder)
2015-09-02 13:45:15,659 [main] INFO  org.apache.struts2.config.AbstractBeanSelectionProvider(42) - Choosing bean (struts) for (com.opensymphony.xwork2.TextProvider)
2015-09-02 13:45:15,659 [main] INFO  org.apache.struts2.config.AbstractBeanSelectionProvider(42) - Choosing bean (struts) for (com.opensymphony.xwork2.LocaleProvider)
2015-09-02 13:45:15,660 [main] INFO  org.apache.struts2.config.AbstractBeanSelectionProvider(42) - Choosing bean (struts) for (com.opensymphony.xwork2.ActionProxyFactory)
2015-09-02 13:45:15,660 [main] INFO  org.apache.struts2.config.AbstractBeanSelectionProvider(42) - Choosing bean (struts) for (com.opensymphony.xwork2.conversion.ObjectTypeDeterminer)
2015-09-02 13:45:15,661 [main] INFO  org.apache.struts2.config.AbstractBeanSelectionProvider(42) - Choosing bean (struts) for (org.apache.struts2.dispatcher.mapper.ActionMapper)
2015-09-02 13:45:15,661 [main] INFO  org.apache.struts2.config.AbstractBeanSelectionProvider(42) - Choosing bean (jakarta) for (org.apache.struts2.dispatcher.multipart.MultiPartRequest)
2015-09-02 13:45:15,662 [main] INFO  org.apache.struts2.config.AbstractBeanSelectionProvider(42) - Choosing bean (struts) for (org.apache.struts2.views.freemarker.FreemarkerManager)
2015-09-02 13:45:15,663 [main] INFO  org.apache.struts2.config.AbstractBeanSelectionProvider(42) - Choosing bean (struts) for (org.apache.struts2.components.UrlRenderer)
2015-09-02 13:45:15,664 [main] INFO  org.apache.struts2.config.AbstractBeanSelectionProvider(42) - Choosing bean (struts) for (com.opensymphony.xwork2.validator.ActionValidatorManager)
2015-09-02 13:45:15,664 [main] INFO  org.apache.struts2.config.AbstractBeanSelectionProvider(42) - Choosing bean (struts) for (com.opensymphony.xwork2.util.ValueStackFactory)
2015-09-02 13:45:15,665 [main] INFO  org.apache.struts2.config.AbstractBeanSelectionProvider(42) - Choosing bean (struts) for (com.opensymphony.xwork2.util.reflection.ReflectionProvider)
2015-09-02 13:45:15,665 [main] INFO  org.apache.struts2.config.AbstractBeanSelectionProvider(42) - Choosing bean (struts) for (com.opensymphony.xwork2.util.reflection.ReflectionContextFactory)
2015-09-02 13:45:15,666 [main] INFO  org.apache.struts2.config.AbstractBeanSelectionProvider(42) - Choosing bean (struts) for (com.opensymphony.xwork2.util.PatternMatcher)
2015-09-02 13:45:15,666 [main] INFO  org.apache.struts2.config.AbstractBeanSelectionProvider(42) - Choosing bean (struts) for (org.apache.struts2.dispatcher.StaticContentLoader)
2015-09-02 13:45:15,667 [main] INFO  org.apache.struts2.config.AbstractBeanSelectionProvider(42) - Choosing bean (struts) for (com.opensymphony.xwork2.UnknownHandlerManager)
2015-09-02 13:45:15,667 [main] INFO  org.apache.struts2.config.AbstractBeanSelectionProvider(42) - Choosing bean (struts) for (org.apache.struts2.views.util.UrlHelper)
2015-09-02 13:45:15,668 [main] INFO  org.apache.struts2.config.AbstractBeanSelectionProvider(42) - Choosing bean (struts) for (com.opensymphony.xwork2.util.TextParser)
2015-09-02 13:45:15,684 [main] INFO  org.apache.struts2.spring.StrutsSpringObjectFactory(42) - Initializing Struts-Spring integration...
2015-09-02 13:45:15,685 [main] INFO  com.opensymphony.xwork2.spring.SpringObjectFactory(42) - Setting autowire strategy to name
2015-09-02 13:45:15,685 [main] INFO  org.apache.struts2.spring.StrutsSpringObjectFactory(42) - ... initialized Struts-Spring integration successfully
2015-09-02 13:45:27,834 [http-8080-1] INFO  com.zehao.util.Log(27) - com.zehao.service.impl.TestServiceImpl 类的 save 方法开始执行 ***Start***
2015-09-02 13:45:27,881 [http-8080-1] INFO  com.zehao.util.Log(27) - com.zehao.dao.impl.TestDaoImpl 类的 save 方法开始执行 ***Start***
2015-09-02 13:45:28,144 [http-8080-1] INFO  com.zehao.util.Log(30) - com.zehao.dao.impl.TestDaoImpl 类的 save 方法执行结束 ***End***
2015-09-02 13:45:28,154 [http-8080-1] INFO  com.zehao.util.Log(30) - com.zehao.service.impl.TestServiceImpl 类的 save 方法执行结束 ***End***
2015-09-02 13:45:30,196 [http-8080-1] INFO  com.zehao.util.Log(27) - com.zehao.service.impl.TestServiceImpl 类的 save 方法开始执行 ***Start***
2015-09-02 13:45:30,198 [http-8080-1] INFO  com.zehao.util.Log(27) - com.zehao.dao.impl.TestDaoImpl 类的 save 方法开始执行 ***Start***
2015-09-02 13:45:30,202 [http-8080-1] INFO  com.zehao.util.Log(30) - com.zehao.dao.impl.TestDaoImpl 类的 save 方法执行结束 ***End***
2015-09-02 13:45:30,209 [http-8080-1] INFO  com.zehao.util.Log(30) - com.zehao.service.impl.TestServiceImpl 类的 save 方法执行结束 ***End***
2015-09-02 13:45:31,158 [http-8080-1] INFO  com.zehao.util.Log(27) - com.zehao.service.impl.TestServiceImpl 类的 save 方法开始执行 ***Start***
2015-09-02 13:45:31,160 [http-8080-1] INFO  com.zehao.util.Log(27) - com.zehao.dao.impl.TestDaoImpl 类的 save 方法开始执行 ***Start***
2015-09-02 13:45:31,164 [http-8080-1] INFO  com.zehao.util.Log(30) - com.zehao.dao.impl.TestDaoImpl 类的 save 方法执行结束 ***End***
2015-09-02 13:45:31,170 [http-8080-1] INFO  com.zehao.util.Log(30) - com.zehao.service.impl.TestServiceImpl 类的 save 方法执行结束 ***End***
2015-09-02 13:45:31,878 [http-8080-1] INFO  com.zehao.util.Log(27) - com.zehao.service.impl.TestServiceImpl 类的 save 方法开始执行 ***Start***
2015-09-02 13:45:31,880 [http-8080-1] INFO  com.zehao.util.Log(27) - com.zehao.dao.impl.TestDaoImpl 类的 save 方法开始执行 ***Start***
2015-09-02 13:45:31,884 [http-8080-1] INFO  com.zehao.util.Log(30) - com.zehao.dao.impl.TestDaoImpl 类的 save 方法执行结束 ***End***
2015-09-02 13:45:31,890 [http-8080-1] INFO  com.zehao.util.Log(30) - com.zehao.service.impl.TestServiceImpl 类的 save 方法执行结束 ***End***
2015-09-02 13:45:32,684 [http-8080-1] INFO  com.zehao.util.Log(27) - com.zehao.service.impl.TestServiceImpl 类的 save 方法开始执行 ***Start***
2015-09-02 13:45:32,688 [http-8080-1] INFO  com.zehao.util.Log(27) - com.zehao.dao.impl.TestDaoImpl 类的 save 方法开始执行 ***Start***
2015-09-02 13:45:32,694 [http-8080-1] INFO  com.zehao.util.Log(30) - com.zehao.dao.impl.TestDaoImpl 类的 save 方法执行结束 ***End***
2015-09-02 13:45:32,712 [http-8080-1] INFO  com.zehao.util.Log(30) - com.zehao.service.impl.TestServiceImpl 类的 save 方法执行结束 ***End***
